# JRE version: Java(TM) SE Runtime Environment 18.9 (11.0.13+10) (build 11.0.13+10-LTS-370)
# Java VM: Java HotSpot(TM) 64-Bit Server VM 18.9 (11.0.13+10-LTS-370, mixed mode, tiered, compressed oops, g1 gc, windows-amd64)
Heap:
 garbage-first heap   total 157696K, used 98304K [0x0000000080600000, 0x0000000100000000)
  region size 1024K, 78 young (79872K), 10 survivors (10240K)
 Metaspace       used 23259K, capacity 23721K, committed 23984K, reserved 1071104K
  class space    used 2350K, capacity 2503K, committed 2560K, reserved 1048576K
GC Heap History (10 events):
Event: 4.324 GC heap after
{Heap after GC invocations=3 (full 0):
 garbage-first heap   total 131072K, used 4221K [0x0000000080600000, 0x0000000100000000)
  region size 1024K, 2 young (2048K), 2 survivors (2048K)
 Metaspace       used 14401K, capacity 14732K, committed 14976K, reserved 1062912K
  class space    used 1476K, capacity 1586K, committed 1664K, reserved 1048576K
}
Event: 10.797 GC heap before
{Heap before GC invocations=3 (full 0):
 garbage-first heap   total 131072K, used 58493K [0x0000000080600000, 0x0000000100000000)
  region size 1024K, 55 young (56320K), 2 survivors (2048K)
 Metaspace       used 20398K, capacity 20871K, committed 21120K, reserved 1069056K
  class space    used 2160K, capacity 2320K, committed 2432K, reserved 1048576K
}
Event: 10.829 GC heap after
{Heap after GC invocations=4 (full 0):
 garbage-first heap   total 131072K, used 9128K [0x0000000080600000, 0x0000000100000000)
  region size 1024K, 6 young (6144K), 6 survivors (6144K)
 Metaspace       used 20398K, capacity 20871K, committed 21120K, reserved 1069056K
  class space    used 2160K, capacity 2320K, committed 2432K, reserved 1048576K
}
Event: 14.639 GC heap before
{Heap before GC invocations=4 (full 0):
 garbage-first heap   total 131072K, used 37800K [0x0000000080600000, 0x0000000100000000)
  region size 1024K, 35 young (35840K), 6 survivors (6144K)
 Metaspace       used 20652K, capacity 21080K, committed 21296K, reserved 1069056K
  class space    used 2165K, capacity 2324K, committed 2432K, reserved 1048576K
}
Event: 14.676 GC heap after
{Heap after GC invocations=5 (full 0):
 garbage-first heap   total 131072K, used 11820K [0x0000000080600000, 0x0000000100000000)
  region size 1024K, 3 young (3072K), 3 survivors (3072K)
 Metaspace       used 20652K, capacity 21080K, committed 21296K, reserved 1069056K
  class space    used 2165K, capacity 2324K, committed 2432K, reserved 1048576K
}
Event: 20.014 GC heap before
{Heap before GC invocations=6 (full 0):
 garbage-first heap   total 131072K, used 72236K [0x0000000080600000, 0x0000000100000000)
  region size 1024K, 62 young (63488K), 3 survivors (3072K)
 Metaspace       used 21492K, capacity 22004K, committed 22320K, reserved 1069056K
  class space    used 2216K, capacity 2400K, committed 2432K, reserved 1048576K
}
Event: 20.053 GC heap after
{Heap after GC invocations=7 (full 0):
 garbage-first heap   total 157696K, used 17046K [0x0000000080600000, 0x0000000100000000)
  region size 1024K, 8 young (8192K), 8 survivors (8192K)
 Metaspace       used 21492K, capacity 22004K, committed 22320K, reserved 1069056K
  class space    used 2216K, capacity 2400K, committed 2432K, reserved 1048576K
}
Event: 26.467 GC heap before
{Heap before GC invocations=7 (full 0):
 garbage-first heap   total 157696K, used 85654K [0x0000000080600000, 0x0000000100000000)
  region size 1024K, 75 young (76800K), 8 survivors (8192K)
 Metaspace       used 23024K, capacity 23519K, committed 23728K, reserved 1071104K
  class space    used 2348K, capacity 2500K, committed 2560K, reserved 1048576K
}
Event: 26.533 GC heap after
{Heap after GC invocations=8 (full 0):
 garbage-first heap   total 157696K, used 28672K [0x0000000080600000, 0x0000000100000000)
  region size 1024K, 10 young (10240K), 10 survivors (10240K)
 Metaspace       used 23024K, capacity 23519K, committed 23728K, reserved 1071104K
  class space    used 2348K, capacity 2500K, committed 2560K, reserved 1048576K
}
Event: 33.340 GC heap before
{Heap before GC invocations=8 (full 0):
 garbage-first heap   total 157696K, used 98304K [0x0000000080600000, 0x0000000100000000)
  region size 1024K, 78 young (79872K), 10 survivors (10240K)
 Metaspace       used 23259K, capacity 23721K, committed 23984K, reserved 1071104K
  class space    used 2350K, capacity 2503K, committed 2560K, reserved 1048576K
}

